Log file open, 06/10/18 03:55:07
LogWindows: Failed to load 'aqProf.dll' (GetLastError=126)
LogWindows: File 'aqProf.dll' does not exist
LogWindows: Failed to load 'VtuneApi.dll' (GetLastError=126)
LogWindows: File 'VtuneApi.dll' does not exist
LogWindows: Failed to load 'VtuneApi32e.dll' (GetLastError=126)
LogWindows: File 'VtuneApi32e.dll' does not exist
LogInit: Display: Running engine for game: ForestSim
LogPlatformFile: Not using cached read wrapper
LogInit: Display: RandInit(995604180) SRandInit(995604180).
LogInit: Read version file with build ID '3944462'
LogInit: Overriding engine version to CL 4033788, compatible CL 3944462
LogInit: Registered custom module enumerator with build ID '3944462'
LogTaskGraph: Started task graph with 5 named threads and 23 total threads with 3 sets of task threads.
LogStats: Stats thread started at 0.360016
LogD3D11RHI: Aftermath initialized
LogICUInternationalization: Display: ICU TimeZone Detection - Raw Offset: -6:00, Platform Override: ''
LogPluginManager: Mounting plugin Paper2D
LogPluginManager: Mounting plugin LiveLink
LogPluginManager: Mounting plugin LightPropagationVolume
LogPluginManager: Mounting plugin CLionSourceCodeAccess
LogPluginManager: Mounting plugin CodeLiteSourceCodeAccess
LogPluginManager: Mounting plugin GitSourceControl
LogPluginManager: Mounting plugin KDevelopSourceCodeAccess
LogPluginManager: Mounting plugin NullSourceCodeAccess
LogPluginManager: Mounting plugin PerforceSourceControl
LogPluginManager: Mounting plugin SubversionSourceControl
LogPluginManager: Mounting plugin UObjectPlugin
LogPluginManager: Mounting plugin VisualStudioCodeSourceCodeAccess
LogPluginManager: Mounting plugin VisualStudioSourceCodeAccess
LogPluginManager: Mounting plugin XCodeSourceCodeAccess
LogPluginManager: Mounting plugin AssetManagerEditor
LogPluginManager: Mounting plugin CryptoKeys
LogPluginManager: Mounting plugin DataValidation
LogPluginManager: Mounting plugin FacialAnimation
LogPluginManager: Mounting plugin GameplayTagsEditor
LogPluginManager: Mounting plugin MobileLauncherProfileWizard
LogPluginManager: Mounting plugin PluginBrowser
LogPluginManager: Mounting plugin SpeedTreeImporter
LogPluginManager: Mounting plugin DatasmithContent
LogPluginManager: Mounting plugin AlembicImporter
LogPluginManager: Mounting plugin CharacterAI
LogPluginManager: Mounting plugin HTML5Networking
LogPluginManager: Mounting plugin AndroidMedia
LogPluginManager: Mounting plugin AvfMedia
LogPluginManager: Mounting plugin ImgMedia
LogPluginManager: Mounting plugin LinearTimecode
LogPluginManager: Mounting plugin MediaCompositing
LogPluginManager: Mounting plugin MediaPlayerEditor
LogPluginManager: Mounting plugin WmfMedia
LogPluginManager: Mounting plugin TcpMessaging
LogPluginManager: Mounting plugin UdpMessaging
LogPluginManager: Mounting plugin ActorSequence
LogPluginManager: Mounting plugin LevelSequenceEditor
LogPluginManager: Mounting plugin MatineeToLevelSequence
LogPluginManager: Mounting plugin NetcodeUnitTest
LogPluginManager: Mounting plugin NUTUnrealEngine4
LogPluginManager: Mounting plugin OnlineSubsystemGooglePlay
LogPluginManager: Mounting plugin OnlineSubsystemIOS
LogPluginManager: Mounting plugin OnlineSubsystem
LogPluginManager: Mounting plugin OnlineSubsystemNull
LogPluginManager: Mounting plugin OnlineSubsystemUtils
LogPluginManager: Mounting plugin AndroidDeviceProfileSelector
LogPluginManager: Mounting plugin AndroidMoviePlayer
LogPluginManager: Mounting plugin AndroidPermission
LogPluginManager: Mounting plugin AppleARKit
LogPluginManager: Mounting plugin AppleMoviePlayer
LogPluginManager: Mounting plugin ArchVisCharacter
LogPluginManager: Mounting plugin AudioCapture
LogPluginManager: Mounting plugin CableComponent
LogPluginManager: Mounting plugin CustomMeshComponent
LogPluginManager: Mounting plugin ExampleDeviceProfileSelector
LogPluginManager: Mounting plugin GoogleCloudMessaging
LogPluginManager: Mounting plugin ImmediatePhysics
LogPluginManager: Mounting plugin IOSDeviceProfileSelector
LogPluginManager: Mounting plugin LinuxDeviceProfileSelector
LogPluginManager: Mounting plugin LocationServicesBPLibrary
LogPluginManager: Mounting plugin MobilePatchingUtils
LogPluginManager: Mounting plugin OculusVR
LogPluginManager: Plugin shader directory ../../../Engine/Plugins/Runtime/Oculus/OculusVR/Shaders found
LogPluginManager: Mapping shader source directory ../../../Engine/Plugins/Runtime/Oculus/OculusVR/Shaders to virtual directory /Plugin/OculusVR
LogPluginManager: Mounting plugin PhysXVehicles
LogPluginManager: Mounting plugin ProceduralMeshComponent
LogPluginManager: Mounting plugin RuntimePhysXCooking
LogPluginManager: Mounting plugin SteamVR
LogPluginManager: Mounting plugin WindowsMoviePlayer
LogStreaming: Display: Took  0.086s to configure plugins.
LogModuleManager: Display: Found up-to-date module file ../../../../../../Users/Evan Fridge/Documents/Unreal Projects/ForestSim/Binaries/Win64/UE4Editor-ForestSim.dll (API version 3944462).
LogModuleManager: Display: Found up-to-date module file ../../../Engine/Plugins/2D/Paper2D/Binaries/Win64/UE4Editor-Paper2D.dll (API version 3944462).
LogModuleManager: Display: Found up-to-date module file ../../../Engine/Plugins/2D/Paper2D/Binaries/Win64/UE4Editor-Paper2DEditor.dll (API version 3944462).
LogModuleManager: Display: Found up-to-date module file ../../../Engine/Plugins/2D/Paper2D/Binaries/Win64/UE4Editor-PaperSpriteSheetImporter.dll (API version 3944462).
LogModuleManager: Display: Found up-to-date module file ../../../Engine/Plugins/2D/Paper2D/Binaries/Win64/UE4Editor-PaperTiledImporter.dll (API version 3944462).
LogModuleManager: Display: Found up-to-date module file ../../../Engine/Plugins/2D/Paper2D/Binaries/Win64/UE4Editor-SmartSnapping.dll (API version 3944462).
LogModuleManager: Display: Found up-to-date module file ../../../Engine/Plugins/Animation/LiveLink/Binaries/Win64/UE4Editor-LiveLink.dll (API version 3944462).
LogModuleManager: Display: Found up-to-date module file ../../../Engine/Plugins/Animation/LiveLink/Binaries/Win64/UE4Editor-LiveLinkEditor.dll (API version 3944462).
LogModuleManager: Display: Found up-to-date module file ../../../Engine/Plugins/Blendables/LightPropagationVolume/Binaries/Win64/UE4Editor-LightPropagationVolumeRuntime.dll (API version 3944462).
LogModuleManager: Display: Found up-to-date module file ../../../Engine/Plugins/Blendables/LightPropagationVolume/Binaries/Win64/UE4Editor-LightPropagationVolumeEditor.dll (API version 3944462).
LogModuleManager: Display: Found up-to-date module file ../../../Engine/Plugins/Developer/CLionSourceCodeAccess/Binaries/Win64/UE4Editor-CLionSourceCodeAccess.dll (API version 3944462).
LogModuleManager: Display: Found up-to-date module file ../../../Engine/Plugins/Developer/GitSourceControl/Binaries/Win64/UE4Editor-GitSourceControl.dll (API version 3944462).
LogModuleManager: Display: Found up-to-date module file ../../../Engine/Plugins/Developer/PerforceSourceControl/Binaries/Win64/UE4Editor-PerforceSourceControl.dll (API version 3944462).
LogModuleManager: Display: Found up-to-date module file ../../../Engine/Plugins/Developer/SubversionSourceControl/Binaries/Win64/UE4Editor-SubversionSourceControl.dll (API version 3944462).
LogModuleManager: Display: Found up-to-date module file ../../../Engine/Plugins/Developer/UObjectPlugin/Binaries/Win64/UE4Editor-UObjectPlugin.dll (API version 3944462).
LogModuleManager: Display: Found up-to-date module file ../../../Engine/Plugins/Developer/VisualStudioCodeSourceCodeAccess/Binaries/Win64/UE4Editor-VisualStudioCodeSourceCodeAccess.dll (API version 3944462).
LogModuleManager: Display: Found up-to-date module file ../../../Engine/Plugins/Developer/VisualStudioSourceCodeAccess/Binaries/Win64/UE4Editor-VisualStudioSourceCodeAccess.dll (API version 3944462).
LogModuleManager: Display: Found up-to-date module file ../../../Engine/Plugins/Editor/AssetManagerEditor/Binaries/Win64/UE4Editor-AssetManagerEditor.dll (API version 3944462).
LogModuleManager: Display: Found up-to-date module file ../../../Engine/Plugins/Editor/CryptoKeys/Binaries/Win64/UE4Editor-CryptoKeys.dll (API version 3944462).
LogModuleManager: Display: Found up-to-date module file ../../../Engine/Plugins/Editor/CryptoKeys/Binaries/Win64/UE4Editor-CryptoKeysOpenSSL.dll (API version 3944462).
LogModuleManager: Display: Found up-to-date module file ../../../Engine/Plugins/Editor/DataValidation/Binaries/Win64/UE4Editor-DataValidation.dll (API version 3944462).
LogModuleManager: Display: Found up-to-date module file ../../../Engine/Plugins/Editor/FacialAnimation/Binaries/Win64/UE4Editor-FacialAnimation.dll (API version 3944462).
LogModuleManager: Display: Found up-to-date module file ../../../Engine/Plugins/Editor/FacialAnimation/Binaries/Win64/UE4Editor-FacialAnimationEditor.dll (API version 3944462).
LogModuleManager: Display: Found up-to-date module file ../../../Engine/Plugins/Editor/GameplayTagsEditor/Binaries/Win64/UE4Editor-GameplayTagsEditor.dll (API version 3944462).
LogModuleManager: Display: Found up-to-date module file ../../../Engine/Plugins/Editor/MobileLauncherProfileWizard/Binaries/Win64/UE4Editor-MobileLauncherProfileWizard.dll (API version 3944462).
LogModuleManager: Display: Found up-to-date module file ../../../Engine/Plugins/Editor/PluginBrowser/Binaries/Win64/UE4Editor-PluginBrowser.dll (API version 3944462).
LogModuleManager: Display: Found up-to-date module file ../../../Engine/Plugins/Editor/SpeedTreeImporter/Binaries/Win64/UE4Editor-SpeedTreeImporter.dll (API version 3944462).
LogModuleManager: Display: Found up-to-date module file ../../../Engine/Plugins/Enterprise/DatasmithContent/Binaries/Win64/UE4Editor-DatasmithContent.dll (API version 3944462).
LogModuleManager: Display: Found up-to-date module file ../../../Engine/Plugins/Experimental/AlembicImporter/Binaries/Win64/UE4Editor-AlembicImporter.dll (API version 3944462).
LogModuleManager: Display: Found up-to-date module file ../../../Engine/Plugins/Experimental/AlembicImporter/Binaries/Win64/UE4Editor-AlembicLibrary.dll (API version 3944462).
LogModuleManager: Display: Found up-to-date module file ../../../Engine/Plugins/Experimental/CharacterAI/Binaries/Win64/UE4Editor-CharacterAI.dll (API version 3944462).
LogModuleManager: Display: Found up-to-date module file ../../../Engine/Plugins/Experimental/HTML5Networking/Binaries/Win64/UE4Editor-HTML5Networking.dll (API version 3944462).
LogModuleManager: Display: Found up-to-date module file ../../../Engine/Plugins/Media/AndroidMedia/Binaries/Win64/UE4Editor-AndroidMediaEditor.dll (API version 3944462).
LogModuleManager: Display: Found up-to-date module file ../../../Engine/Plugins/Media/AndroidMedia/Binaries/Win64/UE4Editor-AndroidMediaFactory.dll (API version 3944462).
LogModuleManager: Display: Found up-to-date module file ../../../Engine/Plugins/Media/AvfMedia/Binaries/Win64/UE4Editor-AvfMediaEditor.dll (API version 3944462).
LogModuleManager: Display: Found up-to-date module file ../../../Engine/Plugins/Media/AvfMedia/Binaries/Win64/UE4Editor-AvfMediaFactory.dll (API version 3944462).
LogModuleManager: Display: Found up-to-date module file ../../../Engine/Plugins/Media/AvfMedia/Binaries/Win64/UE4Editor-AvfMediaFactory.dll (API version 3944462).
LogModuleManager: Display: Found up-to-date module file ../../../Engine/Plugins/Media/ImgMedia/Binaries/Win64/UE4Editor-ImgMedia.dll (API version 3944462).
LogModuleManager: Display: Found up-to-date module file ../../../Engine/Plugins/Media/ImgMedia/Binaries/Win64/UE4Editor-ImgMediaEditor.dll (API version 3944462).
LogModuleManager: Display: Found up-to-date module file ../../../Engine/Plugins/Media/ImgMedia/Binaries/Win64/UE4Editor-ImgMediaFactory.dll (API version 3944462).
LogModuleManager: Display: Found up-to-date module file ../../../Engine/Plugins/Media/ImgMedia/Binaries/Win64/UE4Editor-ImgMediaFactory.dll (API version 3944462).
LogModuleManager: Display: Found up-to-date module file ../../../Engine/Plugins/Media/ImgMedia/Binaries/Win64/UE4Editor-OpenExrWrapper.dll (API version 3944462).
LogModuleManager: Display: Found up-to-date module file ../../../Engine/Plugins/Media/LinearTimecode/Binaries/Win64/UE4Editor-LinearTimecode.dll (API version 3944462).
LogModuleManager: Display: Found up-to-date module file ../../../Engine/Plugins/Media/MediaCompositing/Binaries/Win64/UE4Editor-MediaCompositing.dll (API version 3944462).
LogModuleManager: Display: Found up-to-date module file ../../../Engine/Plugins/Media/MediaCompositing/Binaries/Win64/UE4Editor-MediaCompositingEditor.dll (API version 3944462).
LogModuleManager: Display: Found up-to-date module file ../../../Engine/Plugins/Media/MediaPlayerEditor/Binaries/Win64/UE4Editor-MediaPlayerEditor.dll (API version 3944462).
LogModuleManager: Display: Found up-to-date module file ../../../Engine/Plugins/Media/WmfMedia/Binaries/Win64/UE4Editor-WmfMedia.dll (API version 3944462).
LogModuleManager: Display: Found up-to-date module file ../../../Engine/Plugins/Media/WmfMedia/Binaries/Win64/UE4Editor-WmfMediaEditor.dll (API version 3944462).
LogModuleManager: Display: Found up-to-date module file ../../../Engine/Plugins/Media/WmfMedia/Binaries/Win64/UE4Editor-WmfMediaFactory.dll (API version 3944462).
LogModuleManager: Display: Found up-to-date module file ../../../Engine/Plugins/Media/WmfMedia/Binaries/Win64/UE4Editor-WmfMediaFactory.dll (API version 3944462).
LogModuleManager: Display: Found up-to-date module file ../../../Engine/Plugins/Messaging/TcpMessaging/Binaries/Win64/UE4Editor-TcpMessaging.dll (API version 3944462).
LogModuleManager: Display: Found up-to-date module file ../../../Engine/Plugins/Messaging/UdpMessaging/Binaries/Win64/UE4Editor-UdpMessaging.dll (API version 3944462).
LogModuleManager: Display: Found up-to-date module file ../../../Engine/Plugins/MovieScene/ActorSequence/Binaries/Win64/UE4Editor-ActorSequence.dll (API version 3944462).
LogModuleManager: Display: Found up-to-date module file ../../../Engine/Plugins/MovieScene/LevelSequenceEditor/Binaries/Win64/UE4Editor-LevelSequenceEditor.dll (API version 3944462).
LogModuleManager: Display: Found up-to-date module file ../../../Engine/Plugins/MovieScene/MatineeToLevelSequence/Binaries/Win64/UE4Editor-MatineeToLevelSequence.dll (API version 3944462).
LogModuleManager: Display: Found up-to-date module file ../../../Engine/Plugins/NetcodeUnitTest/NetcodeUnitTest/Binaries/Win64/UE4Editor-NetcodeUnitTest.dll (API version 3944462).
LogModuleManager: Display: Found up-to-date module file ../../../Engine/Plugins/NetcodeUnitTest/NUTUnrealEngine4/Binaries/Win64/UE4Editor-NUTUnrealEngine4.dll (API version 3944462).
LogModuleManager: Display: Found up-to-date module file ../../../Engine/Plugins/Online/OnlineSubsystem/Binaries/Win64/UE4Editor-OnlineSubsystem.dll (API version 3944462).
LogModuleManager: Display: Found up-to-date module file ../../../Engine/Plugins/Online/OnlineSubsystemNull/Binaries/Win64/UE4Editor-OnlineSubsystemNull.dll (API version 3944462).
LogModuleManager: Display: Found up-to-date module file ../../../Engine/Plugins/Online/OnlineSubsystemUtils/Binaries/Win64/UE4Editor-OnlineSubsystemUtils.dll (API version 3944462).
LogModuleManager: Display: Found up-to-date module file ../../../Engine/Plugins/Online/OnlineSubsystemUtils/Binaries/Win64/UE4Editor-OnlineBlueprintSupport.dll (API version 3944462).
LogModuleManager: Display: Found up-to-date module file ../../../Engine/Plugins/Runtime/AndroidDeviceProfileSelector/Binaries/Win64/UE4Editor-AndroidDeviceProfileSelector.dll (API version 3944462).
LogModuleManager: Display: Found up-to-date module file ../../../Engine/Plugins/Runtime/AndroidPermission/Binaries/Win64/UE4Editor-AndroidPermission.dll (API version 3944462).
LogModuleManager: Display: Found up-to-date module file ../../../Engine/Plugins/Runtime/AppleARKit/Binaries/Win64/UE4Editor-AppleARKit.dll (API version 3944462).
LogModuleManager: Display: Found up-to-date module file ../../../Engine/Plugins/Runtime/ArchVisCharacter/Binaries/Win64/UE4Editor-ArchVisCharacter.dll (API version 3944462).
LogModuleManager: Display: Found up-to-date module file ../../../Engine/Plugins/Runtime/AudioCapture/Binaries/Win64/UE4Editor-AudioCapture.dll (API version 3944462).
LogModuleManager: Display: Found up-to-date module file ../../../Engine/Plugins/Runtime/AudioCapture/Binaries/Win64/UE4Editor-AudioCaptureEditor.dll (API version 3944462).
LogModuleManager: Display: Found up-to-date module file ../../../Engine/Plugins/Runtime/CableComponent/Binaries/Win64/UE4Editor-CableComponent.dll (API version 3944462).
LogModuleManager: Display: Found up-to-date module file ../../../Engine/Plugins/Runtime/CustomMeshComponent/Binaries/Win64/UE4Editor-CustomMeshComponent.dll (API version 3944462).
LogModuleManager: Display: Found up-to-date module file ../../../Engine/Plugins/Runtime/ExampleDeviceProfileSelector/Binaries/Win64/UE4Editor-ExampleDeviceProfileSelector.dll (API version 3944462).
LogModuleManager: Display: Found up-to-date module file ../../../Engine/Plugins/Runtime/ImmediatePhysics/Binaries/Win64/UE4Editor-ImmediatePhysics.dll (API version 3944462).
LogModuleManager: Display: Found up-to-date module file ../../../Engine/Plugins/Runtime/ImmediatePhysics/Binaries/Win64/UE4Editor-ImmediatePhysicsEditor.dll (API version 3944462).
LogModuleManager: Display: Found up-to-date module file ../../../Engine/Plugins/Runtime/LocationServicesBPLibrary/Binaries/Win64/UE4Editor-LocationServicesBPLibrary.dll (API version 3944462).
LogModuleManager: Display: Found up-to-date module file ../../../Engine/Plugins/Runtime/MobilePatchingUtils/Binaries/Win64/UE4Editor-MobilePatchingUtils.dll (API version 3944462).
LogModuleManager: Display: Found up-to-date module file ../../../Engine/Plugins/Runtime/Oculus/OculusVR/Binaries/Win64/UE4Editor-OculusHMD.dll (API version 3944462).
LogModuleManager: Display: Found up-to-date module file ../../../Engine/Plugins/Runtime/Oculus/OculusVR/Binaries/Win64/UE4Editor-OculusInput.dll (API version 3944462).
LogModuleManager: Display: Found up-to-date module file ../../../Engine/Plugins/Runtime/Oculus/OculusVR/Binaries/Win64/UE4Editor-OculusEditor.dll (API version 3944462).
LogModuleManager: Display: Found up-to-date module file ../../../Engine/Plugins/Runtime/PhysXVehicles/Binaries/Win64/UE4Editor-PhysXVehicles.dll (API version 3944462).
LogModuleManager: Display: Found up-to-date module file ../../../Engine/Plugins/Runtime/PhysXVehicles/Binaries/Win64/UE4Editor-PhysXVehiclesEditor.dll (API version 3944462).
LogModuleManager: Display: Found up-to-date module file ../../../Engine/Plugins/Runtime/ProceduralMeshComponent/Binaries/Win64/UE4Editor-ProceduralMeshComponent.dll (API version 3944462).
LogModuleManager: Display: Found up-to-date module file ../../../Engine/Plugins/Runtime/ProceduralMeshComponent/Binaries/Win64/UE4Editor-ProceduralMeshComponentEditor.dll (API version 3944462).
LogModuleManager: Display: Found up-to-date module file ../../../Engine/Plugins/Runtime/RuntimePhysXCooking/Binaries/Win64/UE4Editor-RuntimePhysXCooking.dll (API version 3944462).
LogModuleManager: Display: Found up-to-date module file ../../../Engine/Plugins/Runtime/Steam/SteamVR/Binaries/Win64/UE4Editor-SteamVR.dll (API version 3944462).
LogModuleManager: Display: Found up-to-date module file ../../../Engine/Plugins/Runtime/Steam/SteamVR/Binaries/Win64/UE4Editor-SteamVRController.dll (API version 3944462).
LogModuleManager: Display: Found up-to-date module file ../../../Engine/Plugins/Runtime/WindowsMoviePlayer/Binaries/Win64/UE4Editor-WindowsMoviePlayer.dll (API version 3944462).
LogInit: Using libcurl 7.47.1
LogInit:  - built for x86_64-pc-win32
LogInit:  - supports SSL with OpenSSL/1.0.2g
LogInit:  - supports HTTP deflate (compression) using libz 1.2.8
LogInit:  - other features:
LogInit:      CURL_VERSION_SSL
LogInit:      CURL_VERSION_LIBZ
LogInit:      CURL_VERSION_IPV6
LogInit:      CURL_VERSION_ASYNCHDNS
LogInit:      CURL_VERSION_LARGEFILE
LogInit:      CURL_VERSION_IDN
LogInit:  CurlRequestOptions (configurable via config and command line):
LogInit:  - bVerifyPeer = false  - Libcurl will NOT verify peer certificate
LogInit:  - bUseHttpProxy = false  - Libcurl will NOT use HTTP proxy
LogInit:  - bDontReuseConnections = false  - Libcurl will reuse connections
LogInit:  - CertBundlePath = nullptr  - Libcurl will use whatever was configured at build time.
LogInit:  - MaxHostConnections = 16  - Libcurl will limit the number of connections to a host
LogInit:  - LocalHostAddr = Default
LogInit: WinSock: version 1.1 (2.2), MaxSocks=32767, MaxUdp=65467
LogInit: WinSock: I am DESKTOP-5B7CVCV (167.96.135.116:0)
LogInit: Build: ++UE4+Release-4.19-CL-4033788
LogInit: Engine Version: 4.19.2-4033788+++UE4+Release-4.19
LogInit: Compatible Engine Version: 4.19.0-3944462+++UE4+Release-4.19
LogInit: Net CL: 3944462
LogDevObjectVersion: Number of dev versions registered: 18
LogDevObjectVersion:   Dev-Blueprints (B0D832E4-1F89-4F0D-ACCF-7EB736FD4AA2): 10
LogDevObjectVersion:   Dev-Build (E1C64328-A22C-4D53-A36C-8E866417BD8C): 0
LogDevObjectVersion:   Dev-Core (375EC13C-06E4-48FB-B500-84F0262A717E): 2
LogDevObjectVersion:   Dev-Editor (E4B068ED-F494-42E9-A231-DA0B2E46BB41): 23
LogDevObjectVersion:   Dev-Framework (CFFC743F-43B0-4480-9391-14DF171D2073): 33
LogDevObjectVersion:   Dev-Mobile (B02B49B5-BB20-44E9-A304-32B752E40360): 2
LogDevObjectVersion:   Dev-Networking (A4E4105C-59A1-49B5-A7C5-40C4547EDFEE): 0
LogDevObjectVersion:   Dev-Online (39C831C9-5AE6-47DC-9A44-9C173E1C8E7C): 0
LogDevObjectVersion:   Dev-Physics (78F01B33-EBEA-4F98-B9B4-84EACCB95AA2): 0
LogDevObjectVersion:   Dev-Platform (6631380F-2D4D-43E0-8009-CF276956A95A): 0
LogDevObjectVersion:   Dev-Rendering (12F88B9F-8875-4AFC-A67C-D90C383ABD29): 25
LogDevObjectVersion:   Dev-Sequencer (7B5AE74C-D270-4C10-A958-57980B212A5A): 6
LogDevObjectVersion:   Dev-VR (D7296918-1DD6-4BDD-9DE2-64A83CC13884): 1
LogDevObjectVersion:   Dev-LoadTimes (C2A15278-BFE7-4AFE-6C17-90FF531DF755): 1
LogDevObjectVersion:   Private-Geometry (6EACA3D4-40EC-4CC1-B786-8BED09428FC5): 2
LogDevObjectVersion:   Dev-AnimPhys (29E575DD-E0A3-4627-9D10-D276232CDCEA): 16
LogDevObjectVersion:   Dev-ReflectionCapture (6B266CEC-1EC7-4B8F-A30B-E4D90942FC07): 1
LogDevObjectVersion:   Dev-Automation (0DF73D61-A23F-47EA-B727-89E90C41499A): 1
LogInit: Compiled (64-bit): Apr 27 2018 02:06:57
LogInit: Compiled with Visual C++: 19.00.24215.01
LogInit: Build Configuration: Development
LogInit: Branch Name: ++UE4+Release-4.19
LogInit: Command Line:  -skipcompile
LogInit: Base Directory: C:/Program Files/Epic Games/UE_4.19/Engine/Binaries/Win64/
LogInit: Installed Engine Build: 1
LogStreaming: Display: Took  0.002s to delete old logs.
LogInit: Presizing for max 8388607 objects, including 0 objects not considered by GC, pre-allocating 0 bytes for permanent pool.
LogInit: Object subsystem initialized
[2018.06.10-08.55.08:989][  0]LogInit: Selected Device Profile: [Windows]
[2018.06.10-08.55.08:989][  0]LogInit: Applying CVar settings loaded from the selected device profile: [Windows]
[2018.06.10-08.55.08:999][  0]LogInit: Computer: DESKTOP-5B7CVCV
[2018.06.10-08.55.09:000][  0]LogInit: User: EvanFridge
[2018.06.10-08.55.09:000][  0]LogInit: CPU Page size=4096, Cores=4
[2018.06.10-08.55.09:000][  0]LogInit: High frequency timer resolution =3.515621 MHz
[2018.06.10-08.55.09:000][  0]LogMemory: Memory total: Physical=16.0GB (16GB approx)
[2018.06.10-08.55.09:000][  0]LogMemory: Platform Memory Stats for Windows
[2018.06.10-08.55.09:000][  0]LogMemory: Process Physical Memory: 275.45 MB used, 275.45 MB peak
[2018.06.10-08.55.09:000][  0]LogMemory: Process Virtual Memory: 265.22 MB used, 265.22 MB peak
[2018.06.10-08.55.09:000][  0]LogMemory: Physical Memory: 6248.90 MB used,  10099.79 MB free, 16348.69 MB total
[2018.06.10-08.55.09:000][  0]LogMemory: Virtual Memory: 4789.74 MB used,  10099.79 MB free, 134217728.00 MB total
[2018.06.10-08.55.09:093][  0]LogInit: Using OS detected language (en-US).
[2018.06.10-08.55.09:093][  0]LogInit: Using OS detected locale (en-US).
[2018.06.10-08.55.09:095][  0]LogTextLocalizationManager: No specific localization for 'en-US' exists, so the 'en' localization will be used.
[2018.06.10-08.55.09:449][  0]LogStreaming: Display: Took  0.356s to EndInitTextLocalization.
[2018.06.10-08.55.09:449][  0]LogInit: Setting process to per monitor DPI aware
[2018.06.10-08.55.09:501][  0]LogSlate: New Slate User Created.  User Index 0, Is Virtual User: 0
[2018.06.10-08.55.09:501][  0]LogSlate: Slate User Registered.  User Index 0, Is Virtual User: 0
[2018.06.10-08.55.09:648][  0]LogD3D11RHI: D3D11 adapters:
[2018.06.10-08.55.09:706][  0]LogD3D11RHI:    0. 'NVIDIA GeForce GTX 1070' (Feature Level 11_0)
[2018.06.10-08.55.09:706][  0]LogD3D11RHI:       8088/0/8174 MB DedicatedVideo/DedicatedSystem/SharedSystem, Outputs:2, VendorId:0x10de
[2018.06.10-08.55.09:710][  0]LogD3D11RHI:    1. 'Microsoft Basic Render Driver' (Feature Level 11_0)
[2018.06.10-08.55.09:710][  0]LogD3D11RHI:       0/0/8174 MB DedicatedVideo/DedicatedSystem/SharedSystem, Outputs:0, VendorId:0x1414
[2018.06.10-08.55.09:710][  0]LogD3D11RHI: Chosen D3D11 Adapter: 0
[2018.06.10-08.55.09:716][  0]LogD3D11RHI: Creating new Direct3DDevice
[2018.06.10-08.55.09:716][  0]LogD3D11RHI:     GPU DeviceId: 0x1b81 (for the marketing name, search the web for "GPU Device Id")
[2018.06.10-08.55.09:716][  0]LogWindows: EnumDisplayDevices:
[2018.06.10-08.55.09:716][  0]LogWindows:    0. 'NVIDIA GeForce GTX 1070' (P:1 D:1)
[2018.06.10-08.55.09:717][  0]LogWindows:    1. 'NVIDIA GeForce GTX 1070' (P:0 D:1)
[2018.06.10-08.55.09:717][  0]LogWindows:    2. 'NVIDIA GeForce GTX 1070' (P:0 D:0)
[2018.06.10-08.55.09:717][  0]LogWindows:    3. 'NVIDIA GeForce GTX 1070' (P:0 D:0)
[2018.06.10-08.55.09:717][  0]LogWindows: DebugString: GetVideoDriverDetailsInvalid PrimaryIsNotTheChoosenAdapter GetVideoDriverDetailsInvalid PrimaryIsNotTheChoosenAdapter GetVideoDriverDetailsInvalid PrimaryIsNotTheChoosenAdapter GetVideoDriverDetailsInvalid PrimaryIsNotTheChoosenAdapter FoundDriverCount:0 
[2018.06.10-08.55.09:717][  0]LogD3D11RHI:     Adapter Name: NVIDIA GeForce GTX 1070
[2018.06.10-08.55.09:717][  0]LogD3D11RHI:   Driver Version: Unknown (internal:Unknown, unified:Unknown)
[2018.06.10-08.55.09:718][  0]LogD3D11RHI:      Driver Date: Unknown
[2018.06.10-08.55.09:718][  0]LogRHI: Texture pool is 5661 MB (70% of 8088 MB)
[2018.06.10-08.55.09:747][  0]LogD3D11RHI: [Aftermath] Aftermath enabled and primed
[2018.06.10-08.55.09:747][  0]LogD3D11RHI: [Aftermath] Aftermath enabled and primed
[2018.06.10-08.55.09:747][  0]LogD3D11RHI: Async texture creation enabled
[2018.06.10-08.55.09:764][  0]LogD3D11RHI: GPU Timing Frequency: 1000.000000 (Debug: 2 2)
[2018.06.10-08.55.09:861][  0]LogShaderCompilers: Guid format shader working directory is -19 characters bigger than the processId version (../../../../../../Users/Evan Fridge/Documents/Unreal Projects/ForestSim/Intermediate/Shaders/WorkingDirectory/2996/).
[2018.06.10-08.55.09:861][  0]LogShaderCompilers: Cleaned the shader compiler working directory 'C:/Users/Evan Fridge/AppData/Local/Temp/UnrealShaderWorkingDir/819B95DE4C6EA14CD38E10B48719AB61/'.
[2018.06.10-08.55.10:040][  0]LogTemp: Display: Loaded TP AllDesktopTargetPlatform
[2018.06.10-08.55.10:058][  0]LogTemp: Display: Loaded TP MacClientTargetPlatform
[2018.06.10-08.55.10:073][  0]LogTemp: Display: Loaded TP MacNoEditorTargetPlatform
[2018.06.10-08.55.10:090][  0]LogTemp: Display: Loaded TP MacServerTargetPlatform
[2018.06.10-08.55.10:107][  0]LogTemp: Display: Loaded TP MacTargetPlatform
[2018.06.10-08.55.10:123][  0]LogTemp: Display: Loaded TP WindowsClientTargetPlatform
[2018.06.10-08.55.10:140][  0]LogTemp: Display: Loaded TP WindowsNoEditorTargetPlatform
[2018.06.10-08.55.10:157][  0]LogTemp: Display: Loaded TP WindowsServerTargetPlatform
[2018.06.10-08.55.10:169][  0]LogTemp: Display: Loaded TP WindowsTargetPlatform
[2018.06.10-08.55.10:183][  0]LogTemp: Display: Loaded TP Android_ASTCTargetPlatform
[2018.06.10-08.55.10:197][  0]LogTemp: Display: Loaded TP Android_ATCTargetPlatform
[2018.06.10-08.55.10:210][  0]LogTemp: Display: Loaded TP Android_DXTTargetPlatform
[2018.06.10-08.55.10:224][  0]LogTemp: Display: Loaded TP Android_ETC1aTargetPlatform
[2018.06.10-08.55.10:237][  0]LogTemp: Display: Loaded TP Android_ETC1TargetPlatform
[2018.06.10-08.55.10:250][  0]LogTemp: Display: Loaded TP Android_ETC2TargetPlatform
[2018.06.10-08.55.10:277][  0]LogTemp: Display: Loaded TP Android_MultiTargetPlatform
[2018.06.10-08.55.10:277][  0]LogTemp: Display: Loaded TP Android_PVRTCTargetPlatform
[2018.06.10-08.55.10:291][  0]LogTemp: Display: Loaded TP AndroidTargetPlatform
[2018.06.10-08.55.10:295][  0]LogTemp: Display: Loaded TP HTML5TargetPlatform
[2018.06.10-08.55.10:343][  0]LogTemp: Display: Loaded TP IOSTargetPlatform
[2018.06.10-08.55.10:355][  0]LogTemp: Display: Loaded TP TVOSTargetPlatform
[2018.06.10-08.55.10:369][  0]LogTemp: Display: Loaded TP LinuxClientTargetPlatform
[2018.06.10-08.55.10:382][  0]LogTemp: Display: Loaded TP LinuxNoEditorTargetPlatform
[2018.06.10-08.55.10:396][  0]LogTemp: Display: Loaded TP LinuxServerTargetPlatform
[2018.06.10-08.55.10:410][  0]LogTemp: Display: Loaded TP LinuxTargetPlatform
[2018.06.10-08.55.10:410][  0]LogTargetPlatformManager: Display: Building Assets For Windows
[2018.06.10-08.55.10:605][  0]LogXGEController: Cleaning working directory: C:/Users/Evan Fridge/AppData/Local/Temp/UnrealXGEWorkingDir/
[2018.06.10-08.55.10:605][  0]LogXGEController: Cannot use XGE Controller as Incredibuild is not installed on this machine.
[2018.06.10-08.55.10:605][  0]LogShaderCompilers: Cannot use XGE Shader Compiler as Incredibuild is not installed on this machine.
[2018.06.10-08.55.10:605][  0]LogShaderCompilers: Display: Using Local Shader Compiler.
[2018.06.10-08.55.11:137][  0]LogDerivedDataCache: Display: Max Cache Size: 512 MB
[2018.06.10-08.55.11:213][  0]LogDerivedDataCache: Loaded boot cache 0.08s 96MB C:/Users/Evan Fridge/AppData/Local/UnrealEngine/4.19/DerivedDataCache/Boot.ddc.
[2018.06.10-08.55.11:213][  0]LogDerivedDataCache: Display: Loaded Boot cache: C:/Users/Evan Fridge/AppData/Local/UnrealEngine/4.19/DerivedDataCache/Boot.ddc
[2018.06.10-08.55.11:213][  0]LogDerivedDataCache: FDerivedDataBackendGraph:  Pak pak cache file ../../../../../../Users/Evan Fridge/Documents/Unreal Projects/ForestSim/DerivedDataCache/DDC.ddp not found, will not use a pak cache.
[2018.06.10-08.55.11:213][  0]LogDerivedDataCache: Unable to find inner node Pak for hierarchical cache Hierarchy.
[2018.06.10-08.55.11:214][  0]LogDerivedDataCache: FDerivedDataBackendGraph:  CompressedPak pak cache file ../../../../../../Users/Evan Fridge/Documents/Unreal Projects/ForestSim/DerivedDataCache/Compressed.ddp not found, will not use a pak cache.
[2018.06.10-08.55.11:214][  0]LogDerivedDataCache: Unable to find inner node CompressedPak for hierarchical cache Hierarchy.
[2018.06.10-08.55.11:226][  0]LogDerivedDataCache: Display: Pak cache opened for reading ../../../Engine/DerivedDataCache/Compressed.ddp.
[2018.06.10-08.55.11:240][  0]LogDerivedDataCache: Using Local data cache path C:/Users/Evan Fridge/AppData/Local/UnrealEngine/Common/DerivedDataCache: Writable
[2018.06.10-08.55.11:240][  0]LogDerivedDataCache: Shared data cache path not found in *engine.ini, will not use an Shared cache.
[2018.06.10-08.55.11:240][  0]LogDerivedDataCache: Unable to find inner node Shared for hierarchical cache Hierarchy.
[2018.06.10-08.55.11:251][  0]LogMaterial: Verifying Global Shaders for PCD3D_SM5
[2018.06.10-08.55.11:251][  0]LogSlate: Using Freetype 2.6.0
[2018.06.10-08.55.11:252][  0]LogSlate: SlateFontCache - WITH_FREETYPE: 1, WITH_HARFBUZZ: 1
[2018.06.10-08.55.11:252][  0]LogSlate: SlateFontCache - WITH_FREETYPE: 1, WITH_HARFBUZZ: 1
[2018.06.10-08.55.11:348][  0]LogAssetRegistry: FAssetRegistry took 0.0271 seconds to start up
[2018.06.10-08.55.11:590][  0]LogInit: Selected Device Profile: [Windows]
[2018.06.10-08.55.11:746][  0]LogSimplygon: Simplygon DLL not present - disabling.
[2018.06.10-08.55.11:754][  0]LogMeshReduction: Using SimplygonSwarm for distributed automatic mesh merging
[2018.06.10-08.55.11:754][  0]LogMeshReduction: Using QuadricMeshReduction for automatic static mesh reduction
[2018.06.10-08.55.11:755][  0]LogMeshReduction: No automatic skeletal mesh reduction module available
[2018.06.10-08.55.11:755][  0]LogMeshReduction: No automatic mesh merging module available
[2018.06.10-08.55.11:755][  0]LogMeshMerging: No automatic mesh merging module available
[2018.06.10-08.55.11:782][  0]LogNetVersion: ForestSim , NetCL: 3944462, EngineNetVer: 2, GameNetVer: 0 (Checksum: 2660769105)
[2018.06.10-08.55.12:149][  0]LogPackageLocalizationCache: Processed 9 localized package path(s) for 2 prioritized culture(s) in 0.070347 seconds
[2018.06.10-08.55.12:154][  0]LogUObjectArray: 36728 objects as part of root set at end of initial load.
[2018.06.10-08.55.12:154][  0]LogUObjectAllocator: 7314304 out of 0 bytes used by permanent object pool.
[2018.06.10-08.55.12:155][  0]LogUObjectArray: CloseDisregardForGC: 0/0 objects in disregard for GC pool
[2018.06.10-08.55.13:815][  0]LogTcpMessaging: Initializing TcpMessaging bridge
[2018.06.10-08.55.13:849][  0]LogUdpMessaging: Initializing bridge on interface 0.0.0.0:0 to multicast group 230.0.0.1:6666.
[2018.06.10-08.55.14:129][  0]LogUObjectGlobals: Created PersistentFrame Addr=0x000001a9c9188980, Size=64, Default__ThirdPerson_AnimBP_C Function /Game/Mannequin/Animations/ThirdPerson_AnimBP.ThirdPerson_AnimBP_C:ExecuteUbergraph_ThirdPerson_AnimBP
[2018.06.10-08.55.14:138][  0]LogUObjectGlobals: Destroyed PersistentFrame Addr=0x000001a9c9188980, Size=64
[2018.06.10-08.55.14:138][  0]LogUObjectGlobals: Created PersistentFrame Addr=0x000001a9c92dec80, Size=64, Default__ThirdPerson_AnimBP_C Function /Engine/Transient.REINST_ThirdPerson_AnimBP_C_0:ExecuteUbergraph_ThirdPerson_AnimBP
[2018.06.10-08.55.14:147][  0]LogUObjectGlobals: Created PersistentFrame Addr=0x000001a9c8ee2700, Size=72, Default__ThirdPerson_AnimBP_C Function /Game/Mannequin/Animations/ThirdPerson_AnimBP.ThirdPerson_AnimBP_C:ExecuteUbergraph_ThirdPerson_AnimBP
[2018.06.10-08.55.14:212][  0]LogSkeletalMesh: Skeletal Mesh found in DDC [1.918296ms] /Game/Mannequin/Character/Mesh/SK_Mannequin.SK_Mannequin
[2018.06.10-08.55.14:592][  0]SourceControl: Source control is disabled
[2018.06.10-08.55.14:592][  0]SourceControl: Source control is disabled
[2018.06.10-08.55.14:614][  0]SourceControl: Source control is disabled
[2018.06.10-08.55.14:632][  0]SourceControl: Source control is disabled
[2018.06.10-08.55.15:186][  0]LogAndroidPermission: UAndroidPermissionCallbackProxy::GetInstance
[2018.06.10-08.55.15:376][  0]LogOcInput: OculusInput pre-init called
[2018.06.10-08.55.15:488][  0]LogEngine: Initializing Engine...
[2018.06.10-08.55.15:489][  0]LogHMD: Failed to initialize OpenVR with code 110
[2018.06.10-08.55.15:491][  0]LogStats: UGameplayTagsManager::ConstructGameplayTagTree: Construct from data asset -  0.000 s
[2018.06.10-08.55.15:491][  0]LogStats: UGameplayTagsManager::ConstructGameplayTagTree: GameplayTagTreeChangedEvent.Broadcast -  0.000 s
[2018.06.10-08.55.15:689][  0]LogAIModule: Creating AISystem for world Untitled
[2018.06.10-08.55.15:755][  0]LogInit: XAudio2 using 'Speakers (Logitech USB Headset)' : 2 channels at 48 kHz using 16 bits per sample (channel mask 0x3)
[2018.06.10-08.55.15:778][  0]LogInit: FAudioDevice initialized.
[2018.06.10-08.55.15:868][  0]LogDerivedDataCache: Saved boot cache 0.09s 96MB C:/Users/Evan Fridge/AppData/Local/UnrealEngine/4.19/DerivedDataCache/Boot.ddc.
[2018.06.10-08.55.15:888][  0]LogInit: Texture streaming: Enabled
[2018.06.10-08.55.15:926][  0]LogEngineSessionManager: EngineSessionManager initialized
[2018.06.10-08.55.15:926][  0]LogEngineSessionManager: EngineSessionManager sent abnormal shutdown report. Type=Debugger, SessionId={AEC71632-4D8A-49DC-D8FF-DAA20BEB2E2E}
[2018.06.10-08.55.15:941][  0]LogInit: Transaction tracking system initialized
[2018.06.10-08.55.15:993][  0]BlueprintLog: New page: Editor Load
[2018.06.10-08.55.16:200][  0]LocalizationService: Localization service is disabled
[2018.06.10-08.55.16:350][  0]LogConsoleResponse: Display: 
[2018.06.10-08.55.16:491][  0]LogCook: Display: Max memory allowance for cook 16384mb min free memory 0mb
[2018.06.10-08.55.16:491][  0]LogCook: Display: Mobile HDR setting 1
[2018.06.10-08.55.16:492][  0]LogGameplayTags: Display: UGameplayTagsManager::DoneAddingNativeTags. DelegateIsBound: 0
[2018.06.10-08.55.16:492][  0]LogStats: UGameplayTagsManager::ConstructGameplayTagTree: Construct from data asset -  0.000 s
[2018.06.10-08.55.16:492][  0]LogStats: UGameplayTagsManager::ConstructGameplayTagTree: GameplayTagTreeChangedEvent.Broadcast -  0.000 s
[2018.06.10-08.55.16:924][  0]LogFileCache: Scanning file cache for directory 'C:/Users/Evan Fridge/Documents/Unreal Projects/ForestSim/Content/' took 0.03s
[2018.06.10-08.55.16:924][  0]SourceControl: Source control is disabled
[2018.06.10-08.55.16:925][  0]Cmd: MAP LOAD FILE="../../../../../../Users/Evan Fridge/Documents/Unreal Projects/ForestSim/Content/A_TestLevels/NewWorld.umap" TEMPLATE=0 SHOWPROGRESS=1 FEATURELEVEL=3
[2018.06.10-08.55.16:925][  0]LightingResults: New page: Lighting Build
[2018.06.10-08.55.16:929][  0]MapCheck: New page: Map Check
[2018.06.10-08.55.16:929][  0]LightingResults: New page: Lighting Build
[2018.06.10-08.55.16:939][  0]LogUObjectGlobals: Destroyed PersistentFrame Addr=0x000001a9c92dec80, Size=64
[2018.06.10-08.55.17:127][  0]LogAIModule: Creating AISystem for world NewWorld
[2018.06.10-08.55.17:166][  0]LogEditorServer: Finished looking for orphan Actors (0.000 secs)
[2018.06.10-08.55.17:177][  0]Cmd: MAP CHECKDEP NOCLEARLOG
[2018.06.10-08.55.17:223][  0]MapCheck: Map check complete: 0 Error(s), 0 Warning(s), took 45.819ms to complete.
[2018.06.10-08.55.17:223][  0]LogFileHelpers: Loading map 'NewWorld' took 0.299
[2018.06.10-08.55.17:376][  0]LogCollectionManager: Loaded 0 collections in 0.001923 seconds
[2018.06.10-08.55.17:425][  0]LogFileCache: Scanning file cache for directory 'C:/Users/Evan Fridge/Documents/Unreal Projects/ForestSim/Saved/Collections/' took 0.01s
[2018.06.10-08.55.17:426][  0]LogFileCache: Scanning file cache for directory 'C:/Users/Evan Fridge/Documents/Unreal Projects/ForestSim/Content/Developers/EvanFridge/Collections/' took 0.01s
[2018.06.10-08.55.17:426][  0]LogFileCache: Scanning file cache for directory 'C:/Users/Evan Fridge/Documents/Unreal Projects/ForestSim/Content/Collections/' took 0.01s
[2018.06.10-08.55.17:426][  0]LogCollectionManager: Rebuilt the GUID cache for 0 collections in 0.000000 seconds
[2018.06.10-08.55.17:434][  0]LogContentBrowser: Native class hierarchy populated in 0.0077 seconds. Added 2464 classes and 564 folders.
[2018.06.10-08.55.17:441][  0]LogContentBrowser: Native class hierarchy updated for 'WidgetCarousel' in 0.0006 seconds. Added 0 classes and 0 folders.
[2018.06.10-08.55.17:470][  0]LogContentBrowser: Native class hierarchy updated for 'AddContentDialog' in 0.0006 seconds. Added 0 classes and 0 folders.
[2018.06.10-08.55.17:484][  0]LogSlate: Took 0.000226 seconds to synchronously load lazily loaded font '../../../Engine/Content/Slate/Fonts/Roboto-Regular.ttf' (155K)
[2018.06.10-08.55.17:488][  0]LogSlate: Took 0.000195 seconds to synchronously load lazily loaded font '../../../Engine/Content/Slate/Fonts/Roboto-Bold.ttf' (160K)
[2018.06.10-08.55.17:491][  0]LogSlate: Took 0.000196 seconds to synchronously load lazily loaded font '../../../Engine/Content/Editor/Slate/Fonts/FontAwesome.ttf' (139K)
[2018.06.10-08.55.17:567][  0]LogRenderer: Reallocating scene render targets to support 1208x672 Format 10 NumSamples 1 (Frame:1).
[2018.06.10-08.55.17:618][  0]LogSlate: Took 0.000177 seconds to synchronously load lazily loaded font '../../../Engine/Content/Slate/Fonts/Roboto-Light.ttf' (167K)
[2018.06.10-08.55.17:714][  0]LogContentBrowser: Native class hierarchy updated for 'HierarchicalLODOutliner' in 0.0006 seconds. Added 0 classes and 0 folders.
[2018.06.10-08.55.17:714][  0]LogLoad: (Engine Initialization) Total time: 11.55 seconds
[2018.06.10-08.55.17:714][  0]LogLoad: (Engine Initialization) Total Blueprint compile time: 0.00 seconds
[2018.06.10-08.55.17:724][  0]LogWindowsTextInputMethodSystem: Display: IME system now deactivated.
[2018.06.10-08.55.17:746][  0]LogContentStreaming: Texture pool size now 1000 MB
[2018.06.10-08.55.17:853][  1]LogAssetRegistry: Asset discovery search completed in 6.5289 seconds
[2018.06.10-08.55.17:855][  1]LogCollectionManager: Rebuilt the object cache for 0 collections in 0.000000 seconds (found 0 objects)
[2018.06.10-08.55.17:856][  1]LogCollectionManager: Fixed up redirectors for 0 collections in 0.000160 seconds (updated 0 objects)
[2018.06.10-08.55.32:206][169]LogSlate: FSceneViewport::OnFocusLost() reason 0
[2018.06.10-08.56.11:673][182]LogSlate: Took 0.000224 seconds to synchronously load lazily loaded font '../../../Engine/Content/Slate/Fonts/Roboto-Light.ttf' (167K)
[2018.06.10-08.56.11:925][182]LogSavePackage: Save=221.52ms
[2018.06.10-08.56.11:925][182]LogSavePackage: Moving '../../../../../../Users/Evan Fridge/Documents/Unreal Projects/ForestSim/Saved/NewWorldDC6A4244417B49B31034EC83DFA5C2DF.tmp' to '../../../../../../Users/Evan Fridge/Documents/Unreal Projects/ForestSim/Content/A_TestLevels/NewWorld.umap'
[2018.06.10-08.56.11:928][182]LogSavePackage: Display: Finished SavePackage ../../../../../../Users/Evan Fridge/Documents/Unreal Projects/ForestSim/Content/A_TestLevels/NewWorld.umap
[2018.06.10-08.56.12:171][182]LogSavePackage: Save=213.99ms
[2018.06.10-08.56.12:171][182]LogSavePackage: Moving '../../../../../../Users/Evan Fridge/Documents/Unreal Projects/ForestSim/Saved/NewWorld_BuiltData7D62BC764290CC6C6139FBB062863497.tmp' to '../../../../../../Users/Evan Fridge/Documents/Unreal Projects/ForestSim/Content/A_TestLevels/NewWorld_BuiltData.uasset'
[2018.06.10-08.56.12:173][182]LogSavePackage: Display: Finished SavePackage ../../../../../../Users/Evan Fridge/Documents/Unreal Projects/ForestSim/Content/A_TestLevels/NewWorld_BuiltData.uasset
[2018.06.10-08.56.16:181][236]LogSlate: Window 'ForestSim - Unreal Editor' being destroyed
[2018.06.10-08.56.16:182][236]LogWindowsTextInputMethodSystem: Display: IME system now deactivated.
[2018.06.10-08.56.16:395][237]Cmd: QUIT_EDITOR
[2018.06.10-08.56.16:433][237]LogSlate: Slate User Destroyed.  User Index 0, Is Virtual User: 0
[2018.06.10-08.56.16:433][237]LogExit: Preparing to exit.
[2018.06.10-08.56.16:706][237]LogDirectoryWatcher: A directory notification for 'C:/Users/Evan Fridge/Documents/Unreal Projects/ForestSim/Content/' was aborted.
[2018.06.10-08.56.16:732][237]LogUObjectGlobals: Destroyed PersistentFrame Addr=0x000001a9c8ee2700, Size=72
[2018.06.10-08.56.16:737][237]LogExit: Editor shut down
[2018.06.10-08.56.16:739][237]LogExit: Transaction tracking system shut down
[2018.06.10-08.56.16:866][237]LogDirectoryWatcher: A directory notification for '../../../Engine/Content/' was aborted.
[2018.06.10-08.56.16:866][237]LogDirectoryWatcher: A directory notification for '../../../../../../Users/Evan Fridge/Documents/Unreal Projects/ForestSim/Content/' was aborted.
[2018.06.10-08.56.16:866][237]LogDirectoryWatcher: A directory notification for '../../Plugins/2D/Paper2D/Content/' was aborted.
[2018.06.10-08.56.16:866][237]LogDirectoryWatcher: A directory notification for '../../Plugins/Enterprise/DatasmithContent/Content/' was aborted.
[2018.06.10-08.56.16:867][237]LogDirectoryWatcher: A directory notification for '../../Plugins/Media/MediaCompositing/Content/' was aborted.
[2018.06.10-08.56.16:867][237]LogDirectoryWatcher: A directory notification for '../../Plugins/Runtime/AppleARKit/Content/' was aborted.
[2018.06.10-08.56.16:867][237]LogDirectoryWatcher: A directory notification for '../../Plugins/Runtime/Oculus/OculusVR/Content/' was aborted.
[2018.06.10-08.56.16:867][237]LogDirectoryWatcher: A directory notification for '../../Plugins/Runtime/Steam/SteamVR/Content/' was aborted.
[2018.06.10-08.56.16:919][237]LogExit: Object subsystem successfully closed.
[2018.06.10-08.56.17:058][237]LogShaderCompilers: Display: Shaders left to compile 0
[2018.06.10-08.56.17:061][237]LogD3D11RHI: Shutdown
[2018.06.10-08.56.17:062][237]LogD3D11RHI: CleanupD3DDevice
[2018.06.10-08.56.17:084][237]LogD3D11RHI: ~FD3D11DynamicRHI
[2018.06.10-08.56.17:097][237]LogModuleManager: Shutting down and abandoning module HierarchicalLODOutliner (576)
[2018.06.10-08.56.17:097][237]LogModuleManager: Shutting down and abandoning module DesktopPlatform (574)
[2018.06.10-08.56.17:097][237]LogModuleManager: Shutting down and abandoning module AddContentDialog (572)
[2018.06.10-08.56.17:098][237]LogDirectoryWatcher: A directory notification for 'C:/Program Files/Epic Games/UE_4.19/FeaturePacks/' was aborted.
[2018.06.10-08.56.17:098][237]LogModuleManager: Shutting down and abandoning module WidgetCarousel (571)
[2018.06.10-08.56.17:099][237]LogModuleManager: Shutting down and abandoning module EditorWidgets (568)
[2018.06.10-08.56.17:099][237]LogModuleManager: Shutting down and abandoning module CollectionManager (566)
[2018.06.10-08.56.17:099][237]LogDirectoryWatcher: A directory notification for 'C:/Users/Evan Fridge/Documents/Unreal Projects/ForestSim/Content/Collections/' was aborted.
[2018.06.10-08.56.17:099][237]LogDirectoryWatcher: A directory notification for 'C:/Users/Evan Fridge/Documents/Unreal Projects/ForestSim/Content/Developers/EvanFridge/Collections/' was aborted.
[2018.06.10-08.56.17:099][237]LogDirectoryWatcher: A directory notification for 'C:/Users/Evan Fridge/Documents/Unreal Projects/ForestSim/Saved/Collections/' was aborted.
[2018.06.10-08.56.17:099][237]LogModuleManager: Shutting down and abandoning module SceneOutliner (564)
[2018.06.10-08.56.17:099][237]LogModuleManager: Shutting down and abandoning module StatsViewer (562)
[2018.06.10-08.56.17:099][237]LogModuleManager: Shutting down and abandoning module FoliageEdit (560)
[2018.06.10-08.56.17:100][237]LogModuleManager: Shutting down and abandoning module LandscapeEditor (558)
[2018.06.10-08.56.17:100][237]LogModuleManager: Shutting down and abandoning module MeshPaintMode (556)
[2018.06.10-08.56.17:100][237]LogModuleManager: Shutting down and abandoning module SceneDepthPickerMode (554)
[2018.06.10-08.56.17:100][237]LogModuleManager: Shutting down and abandoning module ActorPickerMode (552)
[2018.06.10-08.56.17:100][237]LogModuleManager: Shutting down and abandoning module GeometryMode (550)
[2018.06.10-08.56.17:100][237]LogModuleManager: Shutting down and abandoning module TextureAlignMode (548)
[2018.06.10-08.56.17:100][237]LogModuleManager: Shutting down and abandoning module BspMode (546)
[2018.06.10-08.56.17:100][237]LogModuleManager: Shutting down and abandoning module PIEPreviewDeviceProfileSelector (544)
[2018.06.10-08.56.17:100][237]LogModuleManager: Shutting down and abandoning module HardwareSurvey (542)
[2018.06.10-08.56.17:100][237]LogModuleManager: Shutting down and abandoning module SequenceRecorderSections (540)
[2018.06.10-08.56.17:101][237]LogModuleManager: Shutting down and abandoning module AutomationWorker (538)
[2018.06.10-08.56.17:101][237]LogModuleManager: Shutting down and abandoning module AudioCaptureEditor (536)
[2018.06.10-08.56.17:101][237]LogModuleManager: Shutting down and abandoning module SequenceRecorder (535)
[2018.06.10-08.56.17:101][237]LogModuleManager: Shutting down and abandoning module MatineeToLevelSequence (532)
[2018.06.10-08.56.17:101][237]LogModuleManager: Shutting down and abandoning module LevelSequenceEditor (530)
[2018.06.10-08.56.17:101][237]LogModuleManager: Shutting down and abandoning module PlacementMode (529)
[2018.06.10-08.56.17:101][237]LogModuleManager: Shutting down and abandoning module MaterialEditor (528)
[2018.06.10-08.56.17:101][237]LogModuleManager: Shutting down and abandoning module WmfMediaFactory (524)
[2018.06.10-08.56.17:101][237]LogModuleManager: Shutting down and abandoning module WmfMediaEditor (522)
[2018.06.10-08.56.17:101][237]LogModuleManager: Shutting down and abandoning module MediaPlayerEditor (520)
[2018.06.10-08.56.17:102][237]LogModuleManager: Shutting down and abandoning module OpenExrWrapper (518)
[2018.06.10-08.56.17:102][237]LogModuleManager: Shutting down and abandoning module ImgMediaFactory (516)
[2018.06.10-08.56.17:102][237]LogModuleManager: Shutting down and abandoning module ImgMediaEditor (514)
[2018.06.10-08.56.17:102][237]LogModuleManager: Shutting down and abandoning module AvfMediaFactory (512)
[2018.06.10-08.56.17:102][237]LogModuleManager: Shutting down and abandoning module AvfMediaEditor (510)
[2018.06.10-08.56.17:102][237]LogModuleManager: Shutting down and abandoning module AndroidMediaFactory (508)
[2018.06.10-08.56.17:102][237]LogModuleManager: Shutting down and abandoning module AndroidMediaEditor (506)
[2018.06.10-08.56.17:102][237]LogModuleManager: Shutting down and abandoning module CharacterAI (504)
[2018.06.10-08.56.17:102][237]LogModuleManager: Shutting down and abandoning module SmartSnapping (502)
[2018.06.10-08.56.17:102][237]LogModuleManager: Shutting down and abandoning module SessionServices (500)
[2018.06.10-08.56.17:102][237]LogModuleManager: Shutting down and abandoning module ViewportSnapping (498)
[2018.06.10-08.56.17:102][237]LogModuleManager: Shutting down and abandoning module ViewportInteraction (496)
[2018.06.10-08.56.17:103][237]LogModuleManager: Shutting down and abandoning module ClothPainter (494)
[2018.06.10-08.56.17:103][237]LogModuleManager: Shutting down and abandoning module SkeletalMeshEditor (493)
[2018.06.10-08.56.17:103][237]LogModuleManager: Shutting down and abandoning module LogVisualizer (490)
[2018.06.10-08.56.17:103][237]LogModuleManager: Shutting down and abandoning module IntroTutorials (488)
[2018.06.10-08.56.17:103][237]LogModuleManager: Shutting down and abandoning module GameProjectGeneration (487)
[2018.06.10-08.56.17:103][237]LogModuleManager: Shutting down and abandoning module IOSPlatformEditor (484)
[2018.06.10-08.56.17:103][237]LogModuleManager: Shutting down and abandoning module HTML5PlatformEditor (482)
[2018.06.10-08.56.17:103][237]LogModuleManager: Shutting down and abandoning module AndroidPlatformEditor (480)
[2018.06.10-08.56.17:103][237]LogModuleManager: Shutting down and abandoning module AndroidDeviceDetection (479)
[2018.06.10-08.56.17:595][237]LogModuleManager: Shutting down and abandoning module WindowsPlatformEditor (476)
[2018.06.10-08.56.17:595][237]LogModuleManager: Shutting down and abandoning module IOSRuntimeSettings (474)
[2018.06.10-08.56.17:595][237]LogModuleManager: Shutting down and abandoning module AndroidRuntimeSettings (472)
[2018.06.10-08.56.17:595][237]LogModuleManager: Shutting down and abandoning module InputBindingEditor (470)
[2018.06.10-08.56.17:595][237]LogModuleManager: Shutting down and abandoning module MergeActors (468)
[2018.06.10-08.56.17:596][237]LogModuleManager: Shutting down and abandoning module LocalizationDashboard (466)
[2018.06.10-08.56.17:596][237]LogModuleManager: Shutting down and abandoning module LocalizationService (465)
[2018.06.10-08.56.17:596][237]LogModuleManager: Shutting down and abandoning module HardwareTargeting (462)
[2018.06.10-08.56.17:596][237]LogModuleManager: Shutting down and abandoning module DeviceProfileEditor (460)
[2018.06.10-08.56.17:596][237]LogModuleManager: Shutting down and abandoning module UndoHistory (458)
[2018.06.10-08.56.17:596][237]LogModuleManager: Shutting down and abandoning module XmlParser (456)
[2018.06.10-08.56.17:596][237]LogModuleManager: Shutting down and abandoning module Blutility (454)
[2018.06.10-08.56.17:596][237]LogModuleManager: Shutting down and abandoning module ProjectSettingsViewer (452)
[2018.06.10-08.56.17:596][237]LogModuleManager: Shutting down and abandoning module ProjectTargetPlatformEditor (451)
[2018.06.10-08.56.17:597][237]LogModuleManager: Shutting down and abandoning module EditorSettingsViewer (448)
[2018.06.10-08.56.17:597][237]LogModuleManager: Shutting down and abandoning module SettingsEditor (446)
[2018.06.10-08.56.17:597][237]LogModuleManager: Shutting down and abandoning module ProjectLauncher (444)
[2018.06.10-08.56.17:597][237]LogModuleManager: Shutting down and abandoning module SessionFrontend (442)
[2018.06.10-08.56.17:597][237]LogModuleManager: Shutting down and abandoning module ProfilerClient (440)
[2018.06.10-08.56.17:597][237]LogModuleManager: Shutting down and abandoning module DeviceManager (438)
[2018.06.10-08.56.17:597][237]LogModuleManager: Shutting down and abandoning module TargetDeviceServices (437)
[2018.06.10-08.56.17:651][237]LogModuleManager: Shutting down and abandoning module AutomationController (434)
[2018.06.10-08.56.17:651][237]LogModuleManager: Shutting down and abandoning module AutomationWindow (432)
[2018.06.10-08.56.17:651][237]LogModuleManager: Shutting down and abandoning module Layers (430)
[2018.06.10-08.56.17:651][237]LogModuleManager: Shutting down and abandoning module ComponentVisualizers (428)
[2018.06.10-08.56.17:651][237]LogModuleManager: Shutting down and abandoning module DetailCustomizations (426)
[2018.06.10-08.56.17:651][237]LogModuleManager: Shutting down and abandoning module PackagesDialog (424)
[2018.06.10-08.56.17:652][237]LogModuleManager: Shutting down and abandoning module Persona (422)
[2018.06.10-08.56.17:652][237]LogModuleManager: Shutting down and abandoning module AdvancedPreviewScene (421)
[2018.06.10-08.56.17:652][237]LogModuleManager: Shutting down and abandoning module AnimGraph (419)
[2018.06.10-08.56.17:652][237]LogModuleManager: Shutting down and abandoning module Kismet (416)
[2018.06.10-08.56.17:652][237]LogModuleManager: Shutting down and abandoning module GraphEditor (414)
[2018.06.10-08.56.17:653][237]LogModuleManager: Shutting down and abandoning module ClassViewer (412)
[2018.06.10-08.56.17:653][237]LogModuleManager: Shutting down and abandoning module Toolbox (410)
[2018.06.10-08.56.17:653][237]LogModuleManager: Shutting down and abandoning module ModuleUI (408)
[2018.06.10-08.56.17:653][237]LogModuleManager: Shutting down and abandoning module MovieSceneTools (406)
[2018.06.10-08.56.17:653][237]LogModuleManager: Shutting down and abandoning module OutputLog (404)
[2018.06.10-08.56.17:653][237]LogModuleManager: Shutting down and abandoning module GammaUI (402)
[2018.06.10-08.56.17:653][237]LogModuleM